# JRE version: Java(TM) SE Runtime Environment (8.0_211-b12) (build 1.8.0_211-b12)
# Java VM: Java HotSpot(TM) 64-Bit Server VM (25.211-b12 mixed mode windows-amd64 compressed oops)
Heap:
 PSYoungGen      total 129536K, used 77776K [0x00000000f5580000, 0x0000000100000000, 0x0000000100000000)
  eden space 84480K, 70% used [0x00000000f5580000,0x00000000f8f6f258,0x00000000fa800000)
  from space 45056K, 40% used [0x00000000fa800000,0x00000000fba05130,0x00000000fd400000)
  to   space 43008K, 0% used [0x00000000fd600000,0x00000000fd600000,0x0000000100000000)
 ParOldGen       total 228352K, used 82067K [0x00000000e0000000, 0x00000000edf00000, 0x00000000f5580000)
  object space 228352K, 35% used [0x00000000e0000000,0x00000000e5024f38,0x00000000edf00000)
 Metaspace       used 84898K, capacity 88704K, committed 88832K, reserved 1126400K
  class space    used 11314K, capacity 12227K, committed 12288K, reserved 1048576K
GC Heap History (10 events):
Event: 41.554 GC heap before
{Heap before GC invocations=16 (full 3):
 PSYoungGen      total 128512K, used 128482K [0x00000000f5580000, 0x0000000100000000, 0x0000000100000000)
  eden space 107008K, 100% used [0x00000000f5580000,0x00000000fbe00000,0x00000000fbe00000)
  from space 21504K, 99% used [0x00000000feb00000,0x00000000ffff88d0,0x0000000100000000)
  to   space 33792K, 0% used [0x00000000fbe00000,0x00000000fbe00000,0x00000000fdf00000)
 ParOldGen       total 228352K, used 53669K [0x00000000e0000000, 0x00000000edf00000, 0x00000000f5580000)
  object space 228352K, 23% used [0x00000000e0000000,0x00000000e34695f0,0x00000000edf00000)
 Metaspace       used 75372K, capacity 78998K, committed 79360K, reserved 1118208K
  class space    used 10267K, capacity 11156K, committed 11264K, reserved 1048576K
Event: 41.582 GC heap after
Heap after GC invocations=16 (full 3):
 PSYoungGen      total 131072K, used 23840K [0x00000000f5580000, 0x0000000100000000, 0x0000000100000000)
  eden space 107008K, 0% used [0x00000000f5580000,0x00000000f5580000,0x00000000fbe00000)
  from space 24064K, 99% used [0x00000000fbe00000,0x00000000fd548320,0x00000000fd580000)
  to   space 34816K, 0% used [0x00000000fde00000,0x00000000fde00000,0x0000000100000000)
 ParOldGen       total 228352K, used 59685K [0x00000000e0000000, 0x00000000edf00000, 0x00000000f5580000)
  object space 228352K, 26% used [0x00000000e0000000,0x00000000e3a49408,0x00000000edf00000)
 Metaspace       used 75372K, capacity 78998K, committed 79360K, reserved 1118208K
  class space    used 10267K, capacity 11156K, committed 11264K, reserved 1048576K
}
Event: 48.999 GC heap before
{Heap before GC invocations=17 (full 3):
 PSYoungGen      total 131072K, used 130848K [0x00000000f5580000, 0x0000000100000000, 0x0000000100000000)
  eden space 107008K, 100% used [0x00000000f5580000,0x00000000fbe00000,0x00000000fbe00000)
  from space 24064K, 99% used [0x00000000fbe00000,0x00000000fd548320,0x00000000fd580000)
  to   space 34816K, 0% used [0x00000000fde00000,0x00000000fde00000,0x0000000100000000)
 ParOldGen       total 228352K, used 59685K [0x00000000e0000000, 0x00000000edf00000, 0x00000000f5580000)
  object space 228352K, 26% used [0x00000000e0000000,0x00000000e3a49408,0x00000000edf00000)
 Metaspace       used 82182K, capacity 85982K, committed 86016K, reserved 1124352K
  class space    used 11093K, capacity 12006K, committed 12032K, reserved 1048576K
Event: 49.033 GC heap after
Heap after GC invocations=17 (full 3):
 PSYoungGen      total 131584K, used 33659K [0x00000000f5580000, 0x0000000100000000, 0x0000000100000000)
  eden space 96768K, 0% used [0x00000000f5580000,0x00000000f5580000,0x00000000fb400000)
  from space 34816K, 96% used [0x00000000fde00000,0x00000000ffeded90,0x0000000100000000)
  to   space 38912K, 0% used [0x00000000fb400000,0x00000000fb400000,0x00000000fda00000)
 ParOldGen       total 228352K, used 59693K [0x00000000e0000000, 0x00000000edf00000, 0x00000000f5580000)
  object space 228352K, 26% used [0x00000000e0000000,0x00000000e3a4b408,0x00000000edf00000)
 Metaspace       used 82182K, capacity 85982K, committed 86016K, reserved 1124352K
  class space    used 11093K, capacity 12006K, committed 12032K, reserved 1048576K
}
Event: 52.397 GC heap before
{Heap before GC invocations=18 (full 3):
 PSYoungGen      total 131584K, used 130427K [0x00000000f5580000, 0x0000000100000000, 0x0000000100000000)
  eden space 96768K, 100% used [0x00000000f5580000,0x00000000fb400000,0x00000000fb400000)
  from space 34816K, 96% used [0x00000000fde00000,0x00000000ffeded90,0x0000000100000000)
  to   space 38912K, 0% used [0x00000000fb400000,0x00000000fb400000,0x00000000fda00000)
 ParOldGen       total 228352K, used 59693K [0x00000000e0000000, 0x00000000edf00000, 0x00000000f5580000)
  object space 228352K, 26% used [0x00000000e0000000,0x00000000e3a4b408,0x00000000edf00000)
 Metaspace       used 83285K, capacity 87122K, committed 87168K, reserved 1124352K
  class space    used 11195K, capacity 12116K, committed 12160K, reserved 1048576K
Event: 52.427 GC heap after
Heap after GC invocations=18 (full 3):
 PSYoungGen      total 135680K, used 38891K [0x00000000f5580000, 0x0000000100000000, 0x0000000100000000)
  eden space 96768K, 0% used [0x00000000f5580000,0x00000000f5580000,0x00000000fb400000)
  from space 38912K, 99% used [0x00000000fb400000,0x00000000fd9fac98,0x00000000fda00000)
  to   space 38912K, 0% used [0x00000000fda00000,0x00000000fda00000,0x0000000100000000)
 ParOldGen       total 228352K, used 66736K [0x00000000e0000000, 0x00000000edf00000, 0x00000000f5580000)
  object space 228352K, 29% used [0x00000000e0000000,0x00000000e412c228,0x00000000edf00000)
 Metaspace       used 83285K, capacity 87122K, committed 87168K, reserved 1124352K
  class space    used 11195K, capacity 12116K, committed 12160K, reserved 1048576K
}
Event: 62.280 GC heap before
{Heap before GC invocations=19 (full 3):
 PSYoungGen      total 135680K, used 135659K [0x00000000f5580000, 0x0000000100000000, 0x0000000100000000)
  eden space 96768K, 100% used [0x00000000f5580000,0x00000000fb400000,0x00000000fb400000)
  from space 38912K, 99% used [0x00000000fb400000,0x00000000fd9fac98,0x00000000fda00000)
  to   space 38912K, 0% used [0x00000000fda00000,0x00000000fda00000,0x0000000100000000)
 ParOldGen       total 228352K, used 66736K [0x00000000e0000000, 0x00000000edf00000, 0x00000000f5580000)
  object space 228352K, 29% used [0x00000000e0000000,0x00000000e412c228,0x00000000edf00000)
 Metaspace       used 83824K, capacity 87560K, committed 87680K, reserved 1124352K
  class space    used 11249K, capacity 12151K, committed 12160K, reserved 1048576K
Event: 62.308 GC heap after
Heap after GC invocations=19 (full 3):
 PSYoungGen      total 123392K, used 18057K [0x00000000f5580000, 0x0000000100000000, 0x0000000100000000)
  eden space 84480K, 0% used [0x00000000f5580000,0x00000000f5580000,0x00000000fa800000)
  from space 38912K, 46% used [0x00000000fda00000,0x00000000feba24b8,0x0000000100000000)
  to   space 45056K, 0% used [0x00000000fa800000,0x00000000fa800000,0x00000000fd400000)
 ParOldGen       total 228352K, used 82059K [0x00000000e0000000, 0x00000000edf00000, 0x00000000f5580000)
  object space 228352K, 35% used [0x00000000e0000000,0x00000000e5022f38,0x00000000edf00000)
 Metaspace       used 83824K, capacity 87560K, committed 87680K, reserved 1124352K
  class space    used 11249K, capacity 12151K, committed 12160K, reserved 1048576K
}
Event: 67.292 GC heap before
{Heap before GC invocations=20 (full 3):
 PSYoungGen      total 123392K, used 102537K [0x00000000f5580000, 0x0000000100000000, 0x0000000100000000)
  eden space 84480K, 100% used [0x00000000f5580000,0x00000000fa800000,0x00000000fa800000)
  from space 38912K, 46% used [0x00000000fda00000,0x00000000feba24b8,0x0000000100000000)
  to   space 45056K, 0% used [0x00000000fa800000,0x00000000fa800000,0x00000000fd400000)
 ParOldGen       total 228352K, used 82059K [0x00000000e0000000, 0x00000000edf00000, 0x00000000f5580000)
  object space 228352K, 35% used [0x00000000e0000000,0x00000000e5022f38,0x00000000edf00000)
 Metaspace       used 84229K, capacity 88026K, committed 88320K, reserved 1126400K
  class space    used 11283K, capacity 12194K, committed 12288K, reserved 1048576K
Event: 67.308 GC heap after
Heap after GC invocations=20 (full 3):
 PSYoungGen      total 129536K, used 18452K [0x00000000f5580000, 0x0000000100000000, 0x0000000100000000)
  eden space 84480K, 0% used [0x00000000f5580000,0x00000000f5580000,0x00000000fa800000)
  from space 45056K, 40% used [0x00000000fa800000,0x00000000fba05130,0x00000000fd400000)
  to   space 43008K, 0% used [0x00000000fd600000,0x00000000fd600000,0x0000000100000000)
 ParOldGen       total 228352K, used 82067K [0x00000000e0000000, 0x00000000edf00000, 0x00000000f5580000)
  object space 228352K, 35% used [0x00000000e0000000,0x00000000e5024f38,0x00000000edf00000)
 Metaspace       used 84229K, capacity 88026K, committed 88320K, reserved 1126400K
  class space    used 11283K, capacity 12194K, committed 12288K, reserved 1048576K
}

